<?xml version="1.0" encoding="UTF-8"?>
<!-- Generated by org.testng.reporters.JUnitReportReporter -->
<testsuite hostname="DESKTOP-4TS1G3G" name="Common.Runner" tests="1" failures="0" timestamp="19 Feb 2019 19:43:15 GMT" time="15.937" errors="0">
  <testcase name="feature" time="15.937" classname="Common.Runner"/>
</testsuite> <!-- Common.Runner -->
